<?xml version="1.0" encoding="UTF-8"?>
<testsuite name="AppTests.LoginPageTest" tests="1" skipped="0" failures="0" errors="0" timestamp="2021-02-08T14:12:13" hostname="DESKTOP-D0ODKLV" time="16.358">
  <properties/>
  <testcase name="AppLoginTest" classname="AppTests.LoginPageTest" time="16.358"/>
  <system-out><![CDATA[]]></system-out>
  <system-err><![CDATA[Starting ChromeDriver 88.0.4324.96 (68dba2d8a0b149a1d3afac56fa74648032bcf46b-refs/branch-heads/4324@{#1784}) on port 19562
Only local connections are allowed.
Please see https://chromedriver.chromium.org/security-considerations for suggestions on keeping ChromeDriver safe.
ChromeDriver was started successfully.
Feb 08, 2021 7:42:15 PM org.openqa.selenium.remote.ProtocolHandshake createSession
INFO: Detected dialect: W3C
]]></system-err>
</testsuite>
