<?xml version="1.0" encoding="UTF-8"?>
<testsuite name="AppTests.LoginPageTest" tests="1" skipped="0" failures="0" errors="0" timestamp="2021-02-03T17:03:43" hostname="DESKTOP-D0ODKLV" time="23.629">
  <properties/>
  <testcase name="AppLoginTest" classname="AppTests.LoginPageTest" time="23.629"/>
  <system-out><![CDATA[]]></system-out>
  <system-err><![CDATA[Starting ChromeDriver 88.0.4324.96 (68dba2d8a0b149a1d3afac56fa74648032bcf46b-refs/branch-heads/4324@{#1784}) on port 44299
Only local connections are allowed.
Please see https://chromedriver.chromium.org/security-considerations for suggestions on keeping ChromeDriver safe.
ChromeDriver was started successfully.
Feb 03, 2021 10:33:46 PM org.openqa.selenium.remote.ProtocolHandshake createSession
INFO: Detected dialect: W3C
]]></system-err>
</testsuite>
