<?xml version="1.0" encoding="UTF-8"?>
<testsuite name="AppTests.LoginPageTest" tests="1" skipped="0" failures="0" errors="0" timestamp="2021-01-22T20:19:01" hostname="DESKTOP-D0ODKLV" time="23.133">
  <properties/>
  <testcase name="AppLoginTest" classname="AppTests.LoginPageTest" time="23.133"/>
  <system-out><![CDATA[]]></system-out>
  <system-err><![CDATA[SLF4J: Failed to load class "org.slf4j.impl.StaticLoggerBinder".
SLF4J: Defaulting to no-operation (NOP) logger implementation
SLF4J: See http://www.slf4j.org/codes.html#StaticLoggerBinder for further details.
Jan 23, 2021 1:49:02 AM org.openqa.selenium.remote.DesiredCapabilities firefox
INFO: Using `new FirefoxOptions()` is preferred to `DesiredCapabilities.firefox()`
1611346743775	geckodriver	INFO	Listening on 127.0.0.1:46722
1611346744443	mozrunner::runner	INFO	Running command: "C:\\Program Files\\Mozilla Firefox\\firefox.exe" "--marionette" "-foreground" "-no-remote" "-profile" "C:\\Users\\admin\\AppData\\Local\\Temp\\rust_mozprofileBC9YhJ"
Can't find symbol 'eglSwapBuffersWithDamageEXT'.
JavaScript error: resource://gre/modules/XULStore.jsm, line 66: Error: Can't find profile directory.
console.warn: SearchSettings: "get: No settings file exists, new profile?" (new Error("", "(unknown module)"))
1611346749722	Marionette	INFO	Listening on port 50815
1611346749810	Marionette	WARN	TLS certificate errors will be ignored for this session
Jan 23, 2021 1:49:09 AM org.openqa.selenium.remote.ProtocolHandshake createSession
INFO: Detected dialect: W3C
1611346764371	Marionette	INFO	Stopped listening on port 50815

###!!! [Child][RunMessage] Error: Channel closing: too late to send/recv, messages will be lost


###!!! [Child][MessageChannel::SendAndWait] Error: Channel error: cannot send/recv

]]></system-err>
</testsuite>
